<?xml version="1.0" encoding="UTF-8"?>
<!-- Generated by org.testng.reporters.JUnitXMLReporter -->
<testsuite hostname="sov-2.local" ignored="0" name="Default test" tests="6" failures="0" timestamp="05 Sep 2018 10:39:51 GMT" time="133.778" errors="0">
  <testcase name="verifyBlankEmailIdError" time="5.801" classname="com.Dropbox.testcases.DroboxTestCases"/>
  <testcase name="verifyInvalidEmailPasswordError" time="2.58" classname="com.Dropbox.testcases.DroboxTestCases"/>
  <testcase name="verifyDropboxLogin" time="0.569" classname="com.Dropbox.testcases.DroboxTestCases"/>
  <testcase name="verifyDropboxUpload" time="19.507" classname="com.Dropbox.testcases.DroboxTestCases"/>
  <testcase name="verifyCreateFolder" time="19.147" classname="com.Dropbox.testcases.DroboxTestCases"/>
  <testcase name="verifyDrobboxLogout" time="3.199" classname="com.Dropbox.testcases.DroboxTestCases"/>
</testsuite> <!-- Default test -->
