<?xml version="1.0" encoding="UTF-8"?>
<!-- Generated by org.testng.reporters.JUnitXMLReporter -->
<testsuite hostname="sov.local" ignored="0" name="Test" tests="8" failures="1" timestamp="28 Aug 2018 09:11:22 GMT" time="41.07" errors="0">
  <testcase name="verifyGoogleSearchValidString" time="2.842" classname="com.Google.testcases.GoogleTestCases"/>
  <testcase name="verifyIAmFeelingLuckyLink" time="1.252" classname="com.Google.testcases.GoogleTestCases"/>
  <testcase name="verifyGoogleSearchInvalidString" time="10.947" classname="com.Google.testcases.GoogleTestCases"/>
  <testcase name="verifySearchResultsClickFirstLink" time="3.733" classname="com.Google.testcases.GoogleTestCases"/>
  <testcase name="verifyVideosTabSearchResult" time="0.422" classname="com.Google.testcases.GoogleTestCases">
    <failure type="java.lang.AssertionError" message="videos Search Failed!!!">
      <![CDATA[java.lang.AssertionError: videos Search Failed!!!
	at com.Google.testcases.GoogleTestCases.verifyVideosTabSearchResult(GoogleTestCases.java:146)
... Removed 26 stack frames]]>
    </failure>
  </testcase> <!-- verifyVideosTabSearchResult -->
  <testcase name="verifyImagesTabSearchResult" time="2.168" classname="com.Google.testcases.GoogleTestCases"/>
  <testcase name="verifyNewsTabSearchResult" time="1.501" classname="com.Google.testcases.GoogleTestCases"/>
  <testcase name="verifyMapsTabSearchResult" time="13.513" classname="com.Google.testcases.GoogleTestCases"/>
</testsuite> <!-- Test -->
